Arguments: 
  /Users/qusaisaleh/.nvm/versions/node/v13.8.0/bin/node /Users/qusaisaleh/.yarn/bin/yarn.js run android

PATH: 
  /Users/qusaisaleh/.yarn/bin:/Users/qusaisaleh/.config/yarn/global/node_modules/.bin:/Users/qusaisaleh/.nvm/versions/node/v13.8.0/bin:/usr/local/bin:/usr/bin:/bin:/usr/sbin:/sbin:/Users/qusaisaleh/.yarn/bin:/Users/qusaisaleh/.config/yarn/global/node_modules/.bin:/Users/qusaisaleh/.nvm/versions/node/v13.8.0/bin

Yarn version: 
  1.22.0

Node version: 
  13.8.0

Platform: 
  darwin x64

Trace: 
  SyntaxError: /Users/qusaisaleh/lighthouse/bugi/bugi/package.json: Unexpected token < in JSON at position 427
      at JSON.parse (<anonymous>)
      at /Users/qusaisaleh/.yarn/lib/cli.js:1625:59
      at Generator.next (<anonymous>)
      at step (/Users/qusaisaleh/.yarn/lib/cli.js:310:30)
      at /Users/qusaisaleh/.yarn/lib/cli.js:321:13

npm manifest: 
  {
    "scripts": {
      "start": "react-native start",
      "android": "react-native run-android",
      "ios": "react-native run-ios",
      "web": "expo start --web"
    },
    "dependencies": {
      "@react-native-community/masked-view": "^0.1.7",
      "@react-navigation/native": "^5.0.9",
      "@react-navigation/stack": "^5.1.1",
      "expo": "~36.0.0",
      "react": "~16.9.0",
      "react-dom": "~16.9.0",
      "react-native": "~0.61.4",
  <<<<<<< HEAD
      "react-native-gesture-handler": "^1.5.6",
      "react-native-reanimated": "^1.4.0",
      "react-native-router-flux": "^4.2.0",
      "react-native-safe-area-context": "^0.7.3",
      "react-native-screens": "^2.0.0-alpha.12",
  =======
      "react-native-gesture-handler": "^1.6.0",
      "react-native-reanimated": "^1.7.0",
      "react-native-router-flux": "^4.2.0",
      "react-native-safe-area-context": "^0.7.3",
      "react-native-screens": "^2.3.0",
  >>>>>>> 97d418fb0f298d505ff5898c4f18f0708a98bbc3
      "react-native-unimodules": "~0.7.0",
      "react-native-web": "~0.11.7",
      "react-navigation": "^4.2.2"
    },
    "devDependencies": {
      "@babel/core": "^7.0.0",
      "babel-jest": "~24.9.0",
      "jest": "~24.9.0",
      "metro-react-native-babel-preset": "~0.56.0",
      "react-test-renderer": "~16.9.0",
      "babel-preset-expo": "~8.0.0"
    },
    "private": true
  }

yarn manifest: 
  No manifest

Lockfile: 
  No lockfile
